<?xml version="1.0" encoding="UTF-8"?>
<!-- Generated by org.testng.reporters.JUnitReportReporter -->
<testsuite hostname="LAPTOP-OE1URFOU" failures="0" tests="1" name="testCase.Pr_test1" time="6.398" errors="0" timestamp="2023-05-28T11:32:32 IST" skipped="0">
  <testcase classname="testCase.Pr_test1" name="execute" time="6.398"/>
  <system-out/>
</testsuite> <!-- testCase.Pr_test1 -->
