<?xml version="1.0" encoding="UTF-8"?>
<!-- Generated by org.testng.reporters.JUnitReportReporter -->
<testsuite hostname="LAPTOP-OE1URFOU" failures="0" tests="1" name="testCase.Pr_test2" time="2.132" errors="0" timestamp="2023-05-28T11:32:32 IST" skipped="0">
  <testcase classname="testCase.Pr_test2" name="execute" time="2.132"/>
  <system-out/>
</testsuite> <!-- testCase.Pr_test2 -->
